Analysis & Synthesis report for top
Mon Feb 22 12:20:46 2021
Quartus Prime Version 18.1.0 Build 625 09/12/2018 SJ Lite Edition


---------------------
; Table of Contents ;
---------------------
  1. Legal Notice
  2. Analysis & Synthesis Summary
  3. Analysis & Synthesis Settings
  4. Parallel Compilation
  5. Analysis & Synthesis Messages



----------------
; Legal Notice ;
----------------
Copyright (C) 2018  Intel Corporation. All rights reserved.
Your use of Intel Corporation's design tools, logic functions 
and other software and tools, and its AMPP partner logic 
functions, and any output files from any of the foregoing 
(including device programming or simulation files), and any 
associated documentation or information are expressly subject 
to the terms and conditions of the Intel Program License 
Subscription Agreement, the Intel Quartus Prime License Agreement,
the Intel FPGA IP License Agreement, or other applicable license
agreement, including, without limitation, that your use is for
the sole purpose of programming logic devices manufactured by
Intel and sold by Intel or its authorized distributors.  Please
refer to the applicable agreement for further details.



+----------------------------------------------------------------------------------+
; Analysis & Synthesis Summary                                                     ;
+------------------------------------+---------------------------------------------+
; Analysis & Synthesis Status        ; Failed - Mon Feb 22 12:20:46 2021           ;
; Quartus Prime Version              ; 18.1.0 Build 625 09/12/2018 SJ Lite Edition ;
; Revision Name                      ; top                                         ;
; Top-level Entity Name              ; DE10_LITE_GSensor                           ;
; Family                             ; MAX 10                                      ;
; Total logic elements               ; N/A until Partition Merge                   ;
;     Total combinational functions  ; N/A until Partition Merge                   ;
;     Dedicated logic registers      ; N/A until Partition Merge                   ;
; Total registers                    ; N/A until Partition Merge                   ;
; Total pins                         ; N/A until Partition Merge                   ;
; Total virtual pins                 ; N/A until Partition Merge                   ;
; Total memory bits                  ; N/A until Partition Merge                   ;
; Embedded Multiplier 9-bit elements ; N/A until Partition Merge                   ;
; Total PLLs                         ; N/A until Partition Merge                   ;
; UFM blocks                         ; N/A until Partition Merge                   ;
; ADC blocks                         ; N/A until Partition Merge                   ;
+------------------------------------+---------------------------------------------+


+------------------------------------------------------------------------------------------------------------+
; Analysis & Synthesis Settings                                                                              ;
+------------------------------------------------------------------+--------------------+--------------------+
; Option                                                           ; Setting            ; Default Value      ;
+------------------------------------------------------------------+--------------------+--------------------+
; Device                                                           ; 10M50DAF484C6GES   ;                    ;
; Top-level entity name                                            ; DE10_LITE_GSensor  ; top                ;
; Family name                                                      ; MAX 10             ; Cyclone V          ;
; Use smart compilation                                            ; Off                ; Off                ;
; Enable parallel Assembler and Timing Analyzer during compilation ; On                 ; On                 ;
; Enable compact report table                                      ; Off                ; Off                ;
; Restructure Multiplexers                                         ; Auto               ; Auto               ;
; Create Debugging Nodes for IP Cores                              ; Off                ; Off                ;
; Preserve fewer node names                                        ; On                 ; On                 ;
; Intel FPGA IP Evaluation Mode                                    ; Enable             ; Enable             ;
; Verilog Version                                                  ; Verilog_2001       ; Verilog_2001       ;
; VHDL Version                                                     ; VHDL_1993          ; VHDL_1993          ;
; State Machine Processing                                         ; Auto               ; Auto               ;
; Safe State Machine                                               ; Off                ; Off                ;
; Extract Verilog State Machines                                   ; On                 ; On                 ;
; Extract VHDL State Machines                                      ; On                 ; On                 ;
; Ignore Verilog initial constructs                                ; Off                ; Off                ;
; Iteration limit for constant Verilog loops                       ; 5000               ; 5000               ;
; Iteration limit for non-constant Verilog loops                   ; 250                ; 250                ;
; Add Pass-Through Logic to Inferred RAMs                          ; On                 ; On                 ;
; Infer RAMs from Raw Logic                                        ; On                 ; On                 ;
; Parallel Synthesis                                               ; On                 ; On                 ;
; DSP Block Balancing                                              ; Auto               ; Auto               ;
; NOT Gate Push-Back                                               ; On                 ; On                 ;
; Power-Up Don't Care                                              ; On                 ; On                 ;
; Remove Redundant Logic Cells                                     ; Off                ; Off                ;
; Remove Duplicate Registers                                       ; On                 ; On                 ;
; Ignore CARRY Buffers                                             ; Off                ; Off                ;
; Ignore CASCADE Buffers                                           ; Off                ; Off                ;
; Ignore GLOBAL Buffers                                            ; Off                ; Off                ;
; Ignore ROW GLOBAL Buffers                                        ; Off                ; Off                ;
; Ignore LCELL Buffers                                             ; Off                ; Off                ;
; Ignore SOFT Buffers                                              ; On                 ; On                 ;
; Limit AHDL Integers to 32 Bits                                   ; Off                ; Off                ;
; Optimization Technique                                           ; Balanced           ; Balanced           ;
; Carry Chain Length                                               ; 70                 ; 70                 ;
; Auto Carry Chains                                                ; On                 ; On                 ;
; Auto Open-Drain Pins                                             ; On                 ; On                 ;
; Perform WYSIWYG Primitive Resynthesis                            ; Off                ; Off                ;
; Auto ROM Replacement                                             ; On                 ; On                 ;
; Auto RAM Replacement                                             ; On                 ; On                 ;
; Auto DSP Block Replacement                                       ; On                 ; On                 ;
; Auto Shift Register Replacement                                  ; Auto               ; Auto               ;
; Allow Shift Register Merging across Hierarchies                  ; Auto               ; Auto               ;
; Auto Clock Enable Replacement                                    ; On                 ; On                 ;
; Strict RAM Replacement                                           ; Off                ; Off                ;
; Allow Synchronous Control Signals                                ; On                 ; On                 ;
; Force Use of Synchronous Clear Signals                           ; Off                ; Off                ;
; Auto RAM Block Balancing                                         ; On                 ; On                 ;
; Auto RAM to Logic Cell Conversion                                ; Off                ; Off                ;
; Auto Resource Sharing                                            ; Off                ; Off                ;
; Allow Any RAM Size For Recognition                               ; Off                ; Off                ;
; Allow Any ROM Size For Recognition                               ; Off                ; Off                ;
; Allow Any Shift Register Size For Recognition                    ; Off                ; Off                ;
; Use LogicLock Constraints during Resource Balancing              ; On                 ; On                 ;
; Ignore translate_off and synthesis_off directives                ; Off                ; Off                ;
; Timing-Driven Synthesis                                          ; On                 ; On                 ;
; Report Parameter Settings                                        ; On                 ; On                 ;
; Report Source Assignments                                        ; On                 ; On                 ;
; Report Connectivity Checks                                       ; On                 ; On                 ;
; Ignore Maximum Fan-Out Assignments                               ; Off                ; Off                ;
; Synchronization Register Chain Length                            ; 2                  ; 2                  ;
; Power Optimization During Synthesis                              ; Normal compilation ; Normal compilation ;
; HDL message level                                                ; Level2             ; Level2             ;
; Suppress Register Optimization Related Messages                  ; Off                ; Off                ;
; Number of Removed Registers Reported in Synthesis Report         ; 5000               ; 5000               ;
; Number of Swept Nodes Reported in Synthesis Report               ; 5000               ; 5000               ;
; Number of Inverted Registers Reported in Synthesis Report        ; 100                ; 100                ;
; Clock MUX Protection                                             ; On                 ; On                 ;
; Auto Gated Clock Conversion                                      ; Off                ; Off                ;
; Block Design Naming                                              ; Auto               ; Auto               ;
; SDC constraint protection                                        ; Off                ; Off                ;
; Synthesis Effort                                                 ; Auto               ; Auto               ;
; Shift Register Replacement - Allow Asynchronous Clear Signal     ; On                 ; On                 ;
; Pre-Mapping Resynthesis Optimization                             ; Off                ; Off                ;
; Analysis & Synthesis Message Level                               ; Medium             ; Medium             ;
; Disable Register Merging Across Hierarchies                      ; Auto               ; Auto               ;
; Resource Aware Inference For Block RAM                           ; On                 ; On                 ;
+------------------------------------------------------------------+--------------------+--------------------+


+------------------------------------------+
; Parallel Compilation                     ;
+----------------------------+-------------+
; Processors                 ; Number      ;
+----------------------------+-------------+
; Number detected on machine ; 8           ;
; Maximum allowed            ; 4           ;
;                            ;             ;
; Average used               ; 1.00        ;
; Maximum used               ; 1           ;
;                            ;             ;
; Usage by Processor         ; % Time Used ;
;     Processor 1            ; 100.0%      ;
+----------------------------+-------------+


+-------------------------------+
; Analysis & Synthesis Messages ;
+-------------------------------+
Info: *******************************************************************
Info: Running Quartus Prime Analysis & Synthesis
    Info: Version 18.1.0 Build 625 09/12/2018 SJ Lite Edition
    Info: Processing started: Mon Feb 22 12:20:38 2021
Info: Command: quartus_map --read_settings_files=on --write_settings_files=off top -c top
Warning (18236): Number of processors has not been specified which may cause overloading on shared machines.  Set the global assignment NUM_PARALLEL_PROCESSORS in your QSF to an appropriate value for best performance.
Info (20030): Parallel compilation is enabled and will use 4 of the 4 processors detected
Warning (12090): Entity "altpll" obtained from "v/spi_pll.vhd" instead of from Quartus Prime megafunction library File: C:/Users/Andrew Ashraf Attia/Desktop/DE10_LITE_GSensor_project/v/spi_pll.vhd Line: 57
Info (12021): Found 6 design units, including 2 entities, in source file v/spi_pll.vhd
    Info (12022): Found design unit 1: vl2vh_common_pack File: C:/Users/Andrew Ashraf Attia/Desktop/DE10_LITE_GSensor_project/v/spi_pll.vhd Line: 22
    Info (12022): Found design unit 2: vl2vh_common_pack-body File: C:/Users/Andrew Ashraf Attia/Desktop/DE10_LITE_GSensor_project/v/spi_pll.vhd Line: 31
    Info (12022): Found design unit 3: altpll-rtl File: C:/Users/Andrew Ashraf Attia/Desktop/DE10_LITE_GSensor_project/v/spi_pll.vhd Line: 100
    Info (12022): Found design unit 4: spi_pll-rtl File: C:/Users/Andrew Ashraf Attia/Desktop/DE10_LITE_GSensor_project/v/spi_pll.vhd Line: 121
    Info (12023): Found entity 1: altpll File: C:/Users/Andrew Ashraf Attia/Desktop/DE10_LITE_GSensor_project/v/spi_pll.vhd Line: 57
    Info (12023): Found entity 2: spi_pll File: C:/Users/Andrew Ashraf Attia/Desktop/DE10_LITE_GSensor_project/v/spi_pll.vhd Line: 111
Critical Warning (12048): Ignored duplicate design unit "vl2vh_common_pack-body" in file v/spi_pll.vhd File: C:/Users/Andrew Ashraf Attia/Desktop/DE10_LITE_GSensor_project/v/spi_pll.vhd Line: 31
Info (12021): Found 4 design units, including 1 entities, in source file v/spi_ee_config.vhd
    Info (12022): Found design unit 1: vl2vh_common_pack-body File: C:/Users/Andrew Ashraf Attia/Desktop/DE10_LITE_GSensor_project/v/spi_ee_config.vhd Line: 31
    Info (12022): Found design unit 2: spi_controller-rtl File: C:/Users/Andrew Ashraf Attia/Desktop/DE10_LITE_GSensor_project/v/spi_ee_config.vhd Line: 73
    Info (12022): Found design unit 3: spi_ee_config-rtl File: C:/Users/Andrew Ashraf Attia/Desktop/DE10_LITE_GSensor_project/v/spi_ee_config.vhd Line: 99
    Info (12023): Found entity 1: spi_controller File: C:/Users/Andrew Ashraf Attia/Desktop/DE10_LITE_GSensor_project/v/spi_ee_config.vhd Line: 57
Critical Warning (12048): Ignored duplicate design unit "vl2vh_common_pack-body" in file v/spi_ee_config.vhd File: C:/Users/Andrew Ashraf Attia/Desktop/DE10_LITE_GSensor_project/v/spi_ee_config.vhd Line: 31
Critical Warning (12048): Ignored duplicate design unit "spi_controller-rtl" in file v/spi_ee_config.vhd File: C:/Users/Andrew Ashraf Attia/Desktop/DE10_LITE_GSensor_project/v/spi_ee_config.vhd Line: 73
Info (12021): Found 2 design units, including 0 entities, in source file v/spi_controller.vhd
    Info (12022): Found design unit 1: vl2vh_common_pack-body File: C:/Users/Andrew Ashraf Attia/Desktop/DE10_LITE_GSensor_project/v/spi_controller.vhd Line: 31
    Info (12022): Found design unit 2: spi_controller-rtl File: C:/Users/Andrew Ashraf Attia/Desktop/DE10_LITE_GSensor_project/v/spi_controller.vhd Line: 73
Critical Warning (12048): Ignored duplicate design unit "vl2vh_common_pack-body" in file v/spi_controller.vhd File: C:/Users/Andrew Ashraf Attia/Desktop/DE10_LITE_GSensor_project/v/spi_controller.vhd Line: 31
Info (12021): Found 2 design units, including 0 entities, in source file v/reset_delay.vhd
    Info (12022): Found design unit 1: vl2vh_common_pack-body File: C:/Users/Andrew Ashraf Attia/Desktop/DE10_LITE_GSensor_project/v/reset_delay.vhd Line: 31
    Info (12022): Found design unit 2: reset_delay-rtl File: C:/Users/Andrew Ashraf Attia/Desktop/DE10_LITE_GSensor_project/v/reset_delay.vhd Line: 66
Critical Warning (12048): Ignored duplicate design unit "vl2vh_common_pack-body" in file v/reset_delay.vhd File: C:/Users/Andrew Ashraf Attia/Desktop/DE10_LITE_GSensor_project/v/reset_delay.vhd Line: 31
Info (12021): Found 3 design units, including 1 entities, in source file v/led_driver.vhd
    Info (12022): Found design unit 1: vl2vh_common_pack-body File: C:/Users/Andrew Ashraf Attia/Desktop/DE10_LITE_GSensor_project/v/led_driver.vhd Line: 31
    Info (12022): Found design unit 2: led_driver-rtl File: C:/Users/Andrew Ashraf Attia/Desktop/DE10_LITE_GSensor_project/v/led_driver.vhd Line: 68
    Info (12023): Found entity 1: led_driver File: C:/Users/Andrew Ashraf Attia/Desktop/DE10_LITE_GSensor_project/v/led_driver.vhd Line: 57
Critical Warning (12048): Ignored duplicate design unit "vl2vh_common_pack-body" in file v/led_driver.vhd File: C:/Users/Andrew Ashraf Attia/Desktop/DE10_LITE_GSensor_project/v/led_driver.vhd Line: 31
Critical Warning (12048): Ignored duplicate design unit "reset_delay-rtl" in file v/reset_delay.vhd File: C:/Users/Andrew Ashraf Attia/Desktop/DE10_LITE_GSensor_project/v/reset_delay.vhd Line: 66
Critical Warning (12048): Ignored duplicate design unit "spi_pll-rtl" in file v/spi_pll.vhd File: C:/Users/Andrew Ashraf Attia/Desktop/DE10_LITE_GSensor_project/v/spi_pll.vhd Line: 121
Critical Warning (12048): Ignored duplicate design unit "spi_ee_config-rtl" in file v/spi_ee_config.vhd File: C:/Users/Andrew Ashraf Attia/Desktop/DE10_LITE_GSensor_project/v/spi_ee_config.vhd Line: 99
Critical Warning (12048): Ignored duplicate design unit "led_driver-rtl" in file v/led_driver.vhd File: C:/Users/Andrew Ashraf Attia/Desktop/DE10_LITE_GSensor_project/v/led_driver.vhd Line: 68
Info (12021): Found 8 design units, including 2 entities, in source file de10_lite_gsensor.vhd
    Info (12022): Found design unit 1: vl2vh_common_pack-body File: C:/Users/Andrew Ashraf Attia/Desktop/DE10_LITE_GSensor_project/DE10_LITE_GSensor.vhd Line: 31
    Info (12022): Found design unit 2: reset_delay-rtl File: C:/Users/Andrew Ashraf Attia/Desktop/DE10_LITE_GSensor_project/DE10_LITE_GSensor.vhd Line: 66
    Info (12022): Found design unit 3: spi_pll-rtl File: C:/Users/Andrew Ashraf Attia/Desktop/DE10_LITE_GSensor_project/DE10_LITE_GSensor.vhd Line: 87
    Info (12022): Found design unit 4: spi_ee_config-rtl File: C:/Users/Andrew Ashraf Attia/Desktop/DE10_LITE_GSensor_project/DE10_LITE_GSensor.vhd Line: 113
    Info (12022): Found design unit 5: led_driver-rtl File: C:/Users/Andrew Ashraf Attia/Desktop/DE10_LITE_GSensor_project/DE10_LITE_GSensor.vhd Line: 135
    Info (12022): Found design unit 6: DE10_LITE_GSensor-rtl File: C:/Users/Andrew Ashraf Attia/Desktop/DE10_LITE_GSensor_project/DE10_LITE_GSensor.vhd Line: 181
    Info (12023): Found entity 1: reset_delay File: C:/Users/Andrew Ashraf Attia/Desktop/DE10_LITE_GSensor_project/DE10_LITE_GSensor.vhd Line: 57
    Info (12023): Found entity 2: DE10_LITE_GSensor File: C:/Users/Andrew Ashraf Attia/Desktop/DE10_LITE_GSensor_project/DE10_LITE_GSensor.vhd Line: 146
Warning (12019): Can't analyze file -- file v/spi_pll.v is missing
Error (10482): VHDL error at spi_pll.vhd(115): object "sub_wire4" is used but not declared File: C:/Users/Andrew Ashraf Attia/Desktop/DE10_LITE_GSensor_project/v/spi_pll.vhd Line: 115
Error: Quartus Prime Analysis & Synthesis was unsuccessful. 1 error, 13 warnings
    Error: Peak virtual memory: 4765 megabytes
    Error: Processing ended: Mon Feb 22 12:20:46 2021
    Error: Elapsed time: 00:00:08
    Error: Total CPU time (on all processors): 00:00:19


